<?xml version="1.0" encoding="UTF-8"?>
<coverage generated="1634229493245" clover="3.2.0">
  <project timestamp="1634229493245" name="All files">
    <metrics statements="41" coveredstatements="18" conditionals="10" coveredconditionals="0" methods="18" coveredmethods="2" elements="69" coveredelements="20" complexity="0" loc="41" ncloc="41" packages="5" files="8" classes="8"/>
    <package name="src">
      <metrics statements="2" coveredstatements="1" conditionals="0" coveredconditionals="0" methods="1" coveredmethods="0"/>
      <file name="routes.jsx" path="/Users/kirstenlueder/Desktop/sei/job-app-challenges/distru/rocket-ui-test/src/routes.jsx">
        <metrics statements="2" coveredstatements="1" conditionals="0" coveredconditionals="0" methods="1" coveredmethods="0"/>
        <line num="8" count="1" type="stmt"/>
        <line num="9" count="0" type="stmt"/>
      </file>
    </package>
    <package name="src.actions">
      <metrics statements="9" coveredstatements="6" conditionals="4" coveredconditionals="0" methods="6" coveredmethods="0"/>
      <file name="Launches.js" path="/Users/kirstenlueder/Desktop/sei/job-app-challenges/distru/rocket-ui-test/src/actions/Launches.js">
        <metrics statements="9" coveredstatements="6" conditionals="4" coveredconditionals="0" methods="6" coveredmethods="0"/>
        <line num="3" count="1" type="stmt"/>
        <line num="8" count="1" type="stmt"/>
        <line num="12" count="1" type="stmt"/>
        <line num="19" count="1" type="stmt"/>
        <line num="20" count="0" type="stmt"/>
        <line num="21" count="0" type="stmt"/>
        <line num="24" count="1" type="cond" truecount="0" falsecount="2"/>
        <line num="26" count="1" type="stmt"/>
        <line num="27" count="0" type="cond" truecount="0" falsecount="2"/>
      </file>
    </package>
    <package name="src.components">
      <metrics statements="4" coveredstatements="2" conditionals="0" coveredconditionals="0" methods="2" coveredmethods="1"/>
      <file name="Launch.jsx" path="/Users/kirstenlueder/Desktop/sei/job-app-challenges/distru/rocket-ui-test/src/components/Launch.jsx">
        <metrics statements="2" coveredstatements="0" conditionals="0" coveredconditionals="0" methods="1" coveredmethods="0"/>
        <line num="7" count="0" type="stmt"/>
        <line num="9" count="0" type="stmt"/>
      </file>
      <file name="Navigation.jsx" path="/Users/kirstenlueder/Desktop/sei/job-app-challenges/distru/rocket-ui-test/src/components/Navigation.jsx">
        <metrics statements="2" coveredstatements="2" conditionals="0" coveredconditionals="0" methods="1" coveredmethods="1"/>
        <line num="4" count="1" type="stmt"/>
        <line num="5" count="1" type="stmt"/>
      </file>
    </package>
    <package name="src.services">
      <metrics statements="5" coveredstatements="4" conditionals="0" coveredconditionals="0" methods="1" coveredmethods="0"/>
      <file name="LaunchService.js" path="/Users/kirstenlueder/Desktop/sei/job-app-challenges/distru/rocket-ui-test/src/services/LaunchService.js">
        <metrics statements="5" coveredstatements="4" conditionals="0" coveredconditionals="0" methods="1" coveredmethods="0"/>
        <line num="3" count="1" type="stmt"/>
        <line num="4" count="1" type="stmt"/>
        <line num="6" count="1" type="stmt"/>
        <line num="8" count="1" type="stmt"/>
        <line num="9" count="0" type="stmt"/>
      </file>
    </package>
    <package name="src.views">
      <metrics statements="21" coveredstatements="5" conditionals="6" coveredconditionals="0" methods="8" coveredmethods="1"/>
      <file name="ConnectedView.jsx" path="/Users/kirstenlueder/Desktop/sei/job-app-challenges/distru/rocket-ui-test/src/views/ConnectedView.jsx">
        <metrics statements="6" coveredstatements="4" conditionals="0" coveredconditionals="0" methods="4" coveredmethods="1"/>
        <line num="7" count="1" type="stmt"/>
        <line num="13" count="0" type="stmt"/>
        <line num="18" count="0" type="stmt"/>
        <line num="26" count="1" type="stmt"/>
        <line num="28" count="1" type="stmt"/>
        <line num="32" count="1" type="stmt"/>
      </file>
      <file name="Launches.jsx" path="/Users/kirstenlueder/Desktop/sei/job-app-challenges/distru/rocket-ui-test/src/views/Launches.jsx">
        <metrics statements="13" coveredstatements="0" conditionals="6" coveredconditionals="0" methods="3" coveredmethods="0"/>
        <line num="8" count="0" type="stmt"/>
        <line num="9" count="0" type="stmt"/>
        <line num="13" count="0" type="stmt"/>
        <line num="15" count="0" type="cond" truecount="0" falsecount="4"/>
        <line num="16" count="0" type="stmt"/>
        <line num="19" count="0" type="cond" truecount="0" falsecount="2"/>
        <line num="20" count="0" type="stmt"/>
        <line num="23" count="0" type="stmt"/>
        <line num="25" count="0" type="stmt"/>
        <line num="26" count="0" type="stmt"/>
        <line num="28" count="0" type="stmt"/>
        <line num="37" count="0" type="stmt"/>
        <line num="41" count="0" type="stmt"/>
      </file>
      <file name="Layout.jsx" path="/Users/kirstenlueder/Desktop/sei/job-app-challenges/distru/rocket-ui-test/src/views/Layout.jsx">
        <metrics statements="2" coveredstatements="1" conditionals="0" coveredconditionals="0" methods="1" coveredmethods="0"/>
        <line num="3" count="1" type="stmt"/>
        <line num="6" count="0" type="stmt"/>
      </file>
    </package>
  </project>
</coverage>
