{"/Users/kirstenlueder/Desktop/sei/job-app-challenges/distru/rocket-ui-test/src/routes.jsx": {"path":"/Users/kirstenlueder/Desktop/sei/job-app-challenges/distru/rocket-ui-test/src/routes.jsx","statementMap":{"0":{"start":{"line":8,"column":15},"end":{"line":15,"column":1}},"1":{"start":{"line":9,"column":2},"end":{"line":14,"column":11}}},"fnMap":{"0":{"name":"(anonymous_0)","decl":{"start":{"line":8,"column":15},"end":{"line":8,"column":16}},"loc":{"start":{"line":9,"column":2},"end":{"line":14,"column":11}},"line":9}},"branchMap":{},"s":{"0":1,"1":0},"f":{"0":0},"b":{},"_coverageSchema":"1a1c01bbd47fc00a2c39e90264f33305004495a9","hash":"c498380d6edba0ab1567882f1e6f92a7f180a0df"}
,"/Users/kirstenlueder/Desktop/sei/job-app-challenges/distru/rocket-ui-test/src/actions/Launches.js": {"path":"/Users/kirstenlueder/Desktop/sei/job-app-challenges/distru/rocket-ui-test/src/actions/Launches.js","statementMap":{"0":{"start":{"line":3,"column":23},"end":{"line":6,"column":1}},"1":{"start":{"line":8,"column":31},"end":{"line":10,"column":2}},"2":{"start":{"line":8,"column":38},"end":{"line":10,"column":1}},"3":{"start":{"line":12,"column":24},"end":{"line":17,"column":2}},"4":{"start":{"line":12,"column":37},"end":{"line":17,"column":1}},"5":{"start":{"line":19,"column":29},"end":{"line":22,"column":1}},"6":{"start":{"line":20,"column":2},"end":{"line":20,"column":30}},"7":{"start":{"line":21,"column":2},"end":{"line":21,"column":83}},"8":{"start":{"line":21,"column":46},"end":{"line":21,"column":81}},"9":{"start":{"line":24,"column":28},"end":{"line":24,"column":95}},"10":{"start":{"line":24,"column":48},"end":{"line":24,"column":95}},"11":{"start":{"line":26,"column":37},"end":{"line":27,"column":66}},"12":{"start":{"line":27,"column":2},"end":{"line":27,"column":66}}},"fnMap":{"0":{"name":"(anonymous_0)","decl":{"start":{"line":8,"column":31},"end":{"line":8,"column":32}},"loc":{"start":{"line":8,"column":38},"end":{"line":10,"column":1}},"line":8},"1":{"name":"(anonymous_1)","decl":{"start":{"line":12,"column":24},"end":{"line":12,"column":25}},"loc":{"start":{"line":12,"column":37},"end":{"line":17,"column":1}},"line":12},"2":{"name":"(anonymous_2)","decl":{"start":{"line":19,"column":29},"end":{"line":19,"column":30}},"loc":{"start":{"line":19,"column":41},"end":{"line":22,"column":1}},"line":19},"3":{"name":"(anonymous_3)","decl":{"start":{"line":21,"column":34},"end":{"line":21,"column":35}},"loc":{"start":{"line":21,"column":46},"end":{"line":21,"column":81}},"line":21},"4":{"name":"(anonymous_4)","decl":{"start":{"line":24,"column":28},"end":{"line":24,"column":29}},"loc":{"start":{"line":24,"column":48},"end":{"line":24,"column":95}},"line":24},"5":{"name":"(anonymous_5)","decl":{"start":{"line":26,"column":37},"end":{"line":26,"column":38}},"loc":{"start":{"line":27,"column":2},"end":{"line":27,"column":66}},"line":27}},"branchMap":{"0":{"loc":{"start":{"line":24,"column":48},"end":{"line":24,"column":95}},"type":"binary-expr","locations":[{"start":{"line":24,"column":48},"end":{"line":24,"column":65}},{"start":{"line":24,"column":69},"end":{"line":24,"column":95}}],"line":24},"1":{"loc":{"start":{"line":27,"column":2},"end":{"line":27,"column":66}},"type":"binary-expr","locations":[{"start":{"line":27,"column":2},"end":{"line":27,"column":39}},{"start":{"line":27,"column":43},"end":{"line":27,"column":66}}],"line":27}},"s":{"0":1,"1":1,"2":0,"3":1,"4":0,"5":1,"6":0,"7":0,"8":0,"9":1,"10":0,"11":1,"12":0},"f":{"0":0,"1":0,"2":0,"3":0,"4":0,"5":0},"b":{"0":[0,0],"1":[0,0]},"_coverageSchema":"1a1c01bbd47fc00a2c39e90264f33305004495a9","hash":"7fc0863badd971d23e3ee829f5b9903d7183040d"}
,"/Users/kirstenlueder/Desktop/sei/job-app-challenges/distru/rocket-ui-test/src/components/Launch.jsx": {"path":"/Users/kirstenlueder/Desktop/sei/job-app-challenges/distru/rocket-ui-test/src/components/Launch.jsx","statementMap":{"0":{"start":{"line":7,"column":17},"end":{"line":7,"column":34}},"1":{"start":{"line":9,"column":4},"end":{"line":14,"column":6}}},"fnMap":{"0":{"name":"(anonymous_0)","decl":{"start":{"line":5,"column":2},"end":{"line":5,"column":3}},"loc":{"start":{"line":5,"column":11},"end":{"line":15,"column":3}},"line":5}},"branchMap":{},"s":{"0":0,"1":0},"f":{"0":0},"b":{},"_coverageSchema":"1a1c01bbd47fc00a2c39e90264f33305004495a9","hash":"d9636f4b698a6cfa2ebfe675608843f7c57c36e6"}
,"/Users/kirstenlueder/Desktop/sei/job-app-challenges/distru/rocket-ui-test/src/components/Navigation.jsx": {"path":"/Users/kirstenlueder/Desktop/sei/job-app-challenges/distru/rocket-ui-test/src/components/Navigation.jsx","statementMap":{"0":{"start":{"line":4,"column":19},"end":{"line":8,"column":1}},"1":{"start":{"line":5,"column":2},"end":{"line":7,"column":7}}},"fnMap":{"0":{"name":"(anonymous_0)","decl":{"start":{"line":4,"column":19},"end":{"line":4,"column":20}},"loc":{"start":{"line":5,"column":2},"end":{"line":7,"column":7}},"line":5}},"branchMap":{},"s":{"0":1,"1":1},"f":{"0":1},"b":{},"_coverageSchema":"1a1c01bbd47fc00a2c39e90264f33305004495a9","hash":"8c033c251c7d878f26c40352e5691fbd85859516"}
,"/Users/kirstenlueder/Desktop/sei/job-app-challenges/distru/rocket-ui-test/src/services/LaunchService.js": {"path":"/Users/kirstenlueder/Desktop/sei/job-app-challenges/distru/rocket-ui-test/src/services/LaunchService.js","statementMap":{"0":{"start":{"line":3,"column":21},"end":{"line":3,"column":52}},"1":{"start":{"line":4,"column":19},"end":{"line":4,"column":45}},"2":{"start":{"line":6,"column":12},"end":{"line":6,"column":26}},"3":{"start":{"line":8,"column":22},"end":{"line":10,"column":1}},"4":{"start":{"line":9,"column":13},"end":{"line":9,"column":37}}},"fnMap":{"0":{"name":"(anonymous_0)","decl":{"start":{"line":9,"column":7},"end":{"line":9,"column":8}},"loc":{"start":{"line":9,"column":13},"end":{"line":9,"column":37}},"line":9}},"branchMap":{},"s":{"0":1,"1":1,"2":1,"3":1,"4":0},"f":{"0":0},"b":{},"_coverageSchema":"1a1c01bbd47fc00a2c39e90264f33305004495a9","hash":"d11efa9ae2a8ddc5945bb8bed4c12520472db45a"}
,"/Users/kirstenlueder/Desktop/sei/job-app-challenges/distru/rocket-ui-test/src/views/ConnectedView.jsx": {"path":"/Users/kirstenlueder/Desktop/sei/job-app-challenges/distru/rocket-ui-test/src/views/ConnectedView.jsx","statementMap":{"0":{"start":{"line":7,"column":13},"end":{"line":7,"column":25}},"1":{"start":{"line":13,"column":26},"end":{"line":16,"column":7}},"2":{"start":{"line":18,"column":6},"end":{"line":22,"column":8}},"3":{"start":{"line":26,"column":26},"end":{"line":26,"column":40}},"4":{"start":{"line":26,"column":35},"end":{"line":26,"column":40}},"5":{"start":{"line":28,"column":29},"end":{"line":30,"column":4}},"6":{"start":{"line":28,"column":42},"end":{"line":30,"column":3}},"7":{"start":{"line":32,"column":2},"end":{"line":35,"column":22}}},"fnMap":{"0":{"name":"MasterLayoutHOC","decl":{"start":{"line":9,"column":9},"end":{"line":9,"column":24}},"loc":{"start":{"line":9,"column":53},"end":{"line":36,"column":1}},"line":9},"1":{"name":"(anonymous_1)","decl":{"start":{"line":11,"column":4},"end":{"line":11,"column":5}},"loc":{"start":{"line":11,"column":13},"end":{"line":23,"column":5}},"line":11},"2":{"name":"(anonymous_2)","decl":{"start":{"line":26,"column":26},"end":{"line":26,"column":27}},"loc":{"start":{"line":26,"column":35},"end":{"line":26,"column":40}},"line":26},"3":{"name":"(anonymous_3)","decl":{"start":{"line":28,"column":29},"end":{"line":28,"column":30}},"loc":{"start":{"line":28,"column":42},"end":{"line":30,"column":3}},"line":28}},"branchMap":{},"s":{"0":1,"1":0,"2":0,"3":1,"4":0,"5":1,"6":0,"7":1},"f":{"0":1,"1":0,"2":0,"3":0},"b":{},"_coverageSchema":"1a1c01bbd47fc00a2c39e90264f33305004495a9","hash":"33c2c4c3d67ae10dccffc4fd020516befebc4b8f"}
,"/Users/kirstenlueder/Desktop/sei/job-app-challenges/distru/rocket-ui-test/src/views/Launches.jsx": {"path":"/Users/kirstenlueder/Desktop/sei/job-app-challenges/distru/rocket-ui-test/src/views/Launches.jsx","statementMap":{"0":{"start":{"line":8,"column":45},"end":{"line":8,"column":55}},"1":{"start":{"line":9,"column":4},"end":{"line":9,"column":60}},"2":{"start":{"line":13,"column":33},"end":{"line":13,"column":43}},"3":{"start":{"line":15,"column":4},"end":{"line":17,"column":5}},"4":{"start":{"line":16,"column":6},"end":{"line":16,"column":34}},"5":{"start":{"line":19,"column":4},"end":{"line":21,"column":5}},"6":{"start":{"line":20,"column":6},"end":{"line":20,"column":34}},"7":{"start":{"line":23,"column":19},"end":{"line":23,"column":21}},"8":{"start":{"line":25,"column":4},"end":{"line":35,"column":5}},"9":{"start":{"line":25,"column":17},"end":{"line":25,"column":18}},"10":{"start":{"line":26,"column":21},"end":{"line":26,"column":49}},"11":{"start":{"line":28,"column":6},"end":{"line":34,"column":7}},"12":{"start":{"line":37,"column":4},"end":{"line":37,"column":31}},"13":{"start":{"line":41,"column":4},"end":{"line":46,"column":6}}},"fnMap":{"0":{"name":"(anonymous_0)","decl":{"start":{"line":7,"column":2},"end":{"line":7,"column":3}},"loc":{"start":{"line":7,"column":22},"end":{"line":10,"column":3}},"line":7},"1":{"name":"(anonymous_1)","decl":{"start":{"line":12,"column":2},"end":{"line":12,"column":3}},"loc":{"start":{"line":12,"column":15},"end":{"line":38,"column":3}},"line":12},"2":{"name":"(anonymous_2)","decl":{"start":{"line":40,"column":2},"end":{"line":40,"column":3}},"loc":{"start":{"line":40,"column":11},"end":{"line":47,"column":3}},"line":40}},"branchMap":{"0":{"loc":{"start":{"line":15,"column":4},"end":{"line":17,"column":5}},"type":"if","locations":[{"start":{"line":15,"column":4},"end":{"line":17,"column":5}},{"start":{"line":15,"column":4},"end":{"line":17,"column":5}}],"line":15},"1":{"loc":{"start":{"line":15,"column":8},"end":{"line":15,"column":54}},"type":"binary-expr","locations":[{"start":{"line":15,"column":8},"end":{"line":15,"column":25}},{"start":{"line":15,"column":29},"end":{"line":15,"column":54}}],"line":15},"2":{"loc":{"start":{"line":19,"column":4},"end":{"line":21,"column":5}},"type":"if","locations":[{"start":{"line":19,"column":4},"end":{"line":21,"column":5}},{"start":{"line":19,"column":4},"end":{"line":21,"column":5}}],"line":19}},"s":{"0":0,"1":0,"2":0,"3":0,"4":0,"5":0,"6":0,"7":0,"8":0,"9":0,"10":0,"11":0,"12":0,"13":0},"f":{"0":0,"1":0,"2":0},"b":{"0":[0,0],"1":[0,0],"2":[0,0]},"_coverageSchema":"1a1c01bbd47fc00a2c39e90264f33305004495a9","hash":"f084e78857e2e9851f1cf42d9e8fc326d36188bd"}
,"/Users/kirstenlueder/Desktop/sei/job-app-challenges/distru/rocket-ui-test/src/views/Layout.jsx": {"path":"/Users/kirstenlueder/Desktop/sei/job-app-challenges/distru/rocket-ui-test/src/views/Layout.jsx","statementMap":{"0":{"start":{"line":3,"column":15},"end":{"line":17,"column":1}},"1":{"start":{"line":6,"column":2},"end":{"line":16,"column":4}}},"fnMap":{"0":{"name":"(anonymous_0)","decl":{"start":{"line":3,"column":15},"end":{"line":3,"column":16}},"loc":{"start":{"line":5,"column":22},"end":{"line":17,"column":1}},"line":5}},"branchMap":{},"s":{"0":1,"1":0},"f":{"0":0},"b":{},"_coverageSchema":"1a1c01bbd47fc00a2c39e90264f33305004495a9","hash":"8d88f19fa27e8d0a519e264517071006e3395fa1"}
}
